<?xml version="1.0" encoding="UTF-8"?>
<testng-results ignored="0" total="1" passed="1" failed="0" skipped="0">
  <reporter-output>
  </reporter-output>
  <suite started-at="2024-02-06T15:51:57 IST" name="Default suite" finished-at="2024-02-06T15:52:13 IST" duration-ms="16240">
    <groups>
    </groups>
    <test started-at="2024-02-06T15:51:57 IST" name="Default test" finished-at="2024-02-06T15:52:13 IST" duration-ms="16240">
      <class name="PomDemo.Scheme">
        <test-method signature="scheme()[pri:0, instance:PomDemo.Scheme@d5b810e]" started-at="2024-02-06T15:51:57 IST" name="scheme" finished-at="2024-02-06T15:52:13 IST" duration-ms="16198" status="PASS">
          <reporter-output>
          </reporter-output>
        </test-method> <!-- scheme -->
      </class> <!-- PomDemo.Scheme -->
    </test> <!-- Default test -->
  </suite> <!-- Default suite -->
</testng-results>
